2024-05-17 20:27:06 Information Initialized Scheduler Signaller of type: Quartz.Core.SchedulerSignalerImpl
2024-05-17 20:27:06 Information Quartz Scheduler created
2024-05-17 20:27:06 Information JobFactory set to: Quartz.Simpl.MicrosoftDependencyInjectionJobFactory
2024-05-17 20:27:06 Information RAMJobStore initialized.
2024-05-17 20:27:06 Information Quartz Scheduler 3.9.0.0 - 'QuartzScheduler' with instanceId 'NON_CLUSTERED' initialized
2024-05-17 20:27:06 Information Using thread pool 'Quartz.Simpl.DefaultThreadPool', size: 10
2024-05-17 20:27:06 Information Using job store 'Quartz.Simpl.RAMJobStore', supports persistence: False, clustered: False
2024-05-17 20:27:06 Information Application started. Press Ctrl+C to shut down.
2024-05-17 20:27:06 Information Scheduler QuartzScheduler_$_NON_CLUSTERED started.
2024-05-17 20:27:06 Information Hosting environment: Development
2024-05-17 20:27:06 Information Content root path: C:\Users\孙昊\Desktop\backup\backupwordservice
2024-05-17 20:27:06 Information 开始备份C:\Users\孙昊\Desktop\backup\backupwordservice\source2 目录
2024-05-17 20:27:06 Information C:\Users\孙昊\Desktop\backup\backupwordservice\source2 目录备份结束
2024-05-17 20:27:06 Information 开始删除过期的备份文件夹
2024-05-17 20:27:06 Information 结束删除过期的备份文件夹

2024-05-17 20:27:08 Information 开始备份C:\Users\孙昊\Desktop\backup\backupwordservice\source2 目录
2024-05-17 20:27:08 Information C:\Users\孙昊\Desktop\backup\backupwordservice\source2 目录备份结束
2024-05-17 20:27:08 Information 开始删除过期的备份文件夹
2024-05-17 20:27:08 Information 结束删除过期的备份文件夹

2024-05-17 20:27:10 Information 开始备份C:\Users\孙昊\Desktop\backup\backupwordservice\source2 目录
2024-05-17 20:27:10 Information C:\Users\孙昊\Desktop\backup\backupwordservice\source2 目录备份结束
2024-05-17 20:27:10 Information 开始删除过期的备份文件夹
2024-05-17 20:27:10 Information 结束删除过期的备份文件夹

2024-05-17 20:27:12 Information 开始备份C:\Users\孙昊\Desktop\backup\backupwordservice\source2 目录
2024-05-17 20:27:12 Information C:\Users\孙昊\Desktop\backup\backupwordservice\source2 目录备份结束
2024-05-17 20:27:12 Information 开始删除过期的备份文件夹
2024-05-17 20:27:12 Information 结束删除过期的备份文件夹

2024-05-17 20:27:14 Information 开始备份C:\Users\孙昊\Desktop\backup\backupwordservice\source2 目录
2024-05-17 20:27:14 Information C:\Users\孙昊\Desktop\backup\backupwordservice\source2 目录备份结束
2024-05-17 20:27:14 Information 开始删除过期的备份文件夹
2024-05-17 20:27:14 Information 结束删除过期的备份文件夹

2024-05-17 20:27:16 Information 开始备份C:\Users\孙昊\Desktop\backup\backupwordservice\source2 目录
2024-05-17 20:27:16 Information C:\Users\孙昊\Desktop\backup\backupwordservice\source2 目录备份结束
2024-05-17 20:27:16 Information 开始删除过期的备份文件夹
2024-05-17 20:27:16 Information 结束删除过期的备份文件夹

2024-05-17 20:27:18 Information 开始备份C:\Users\孙昊\Desktop\backup\backupwordservice\source2 目录
2024-05-17 20:27:18 Information C:\Users\孙昊\Desktop\backup\backupwordservice\source2 目录备份结束
2024-05-17 20:27:18 Information 开始删除过期的备份文件夹
2024-05-17 20:27:18 Information 结束删除过期的备份文件夹

2024-05-17 20:33:30 Information Initialized Scheduler Signaller of type: Quartz.Core.SchedulerSignalerImpl
2024-05-17 20:33:30 Information Quartz Scheduler created
2024-05-17 20:33:30 Information JobFactory set to: Quartz.Simpl.MicrosoftDependencyInjectionJobFactory
2024-05-17 20:33:30 Information RAMJobStore initialized.
2024-05-17 20:33:30 Information Quartz Scheduler 3.9.0.0 - 'QuartzScheduler' with instanceId 'NON_CLUSTERED' initialized
2024-05-17 20:33:30 Information Using thread pool 'Quartz.Simpl.DefaultThreadPool', size: 10
2024-05-17 20:33:30 Information Using job store 'Quartz.Simpl.RAMJobStore', supports persistence: False, clustered: False
2024-05-17 20:33:30 Information Application started. Press Ctrl+C to shut down.
2024-05-17 20:33:30 Information Scheduler QuartzScheduler_$_NON_CLUSTERED started.
2024-05-17 20:33:30 Information Hosting environment: Development
2024-05-17 20:33:30 Information Content root path: C:\Users\孙昊\Desktop\backup\backupwordservice
2024-05-17 20:33:30 Information 开始备份C:\Users\孙昊\Desktop\backup\backupwordservice\source2 目录
2024-05-17 20:33:30 Information C:\Users\孙昊\Desktop\backup\backupwordservice\source2 目录备份结束
2024-05-17 20:33:30 Information 开始删除过期的备份文件夹
2024-05-17 20:33:30 Information 结束删除过期的备份文件夹

2024-05-17 20:33:32 Information 开始备份C:\Users\孙昊\Desktop\backup\backupwordservice\source2 目录
2024-05-17 20:33:32 Information C:\Users\孙昊\Desktop\backup\backupwordservice\source2 目录备份结束
2024-05-17 20:33:32 Information 开始删除过期的备份文件夹
2024-05-17 20:33:32 Information 结束删除过期的备份文件夹

2024-05-17 20:35:27 Information Initialized Scheduler Signaller of type: Quartz.Core.SchedulerSignalerImpl
2024-05-17 20:35:27 Information Quartz Scheduler created
2024-05-17 20:35:27 Information JobFactory set to: Quartz.Simpl.MicrosoftDependencyInjectionJobFactory
2024-05-17 20:35:27 Information RAMJobStore initialized.
2024-05-17 20:35:27 Information Quartz Scheduler 3.9.0.0 - 'QuartzScheduler' with instanceId 'NON_CLUSTERED' initialized
2024-05-17 20:35:27 Information Using thread pool 'Quartz.Simpl.DefaultThreadPool', size: 10
2024-05-17 20:35:27 Information Using job store 'Quartz.Simpl.RAMJobStore', supports persistence: False, clustered: False
2024-05-17 20:35:27 Information Application started. Press Ctrl+C to shut down.
2024-05-17 20:35:27 Information Scheduler QuartzScheduler_$_NON_CLUSTERED started.
2024-05-17 20:35:27 Information Hosting environment: Development
2024-05-17 20:35:27 Information Content root path: C:\Users\孙昊\Desktop\backup\backupwordservice
2024-05-17 20:35:28 Information 开始备份C:\Users\孙昊\Desktop\backup\backupwordservice\source2 目录
2024-05-17 20:35:28 Information C:\Users\孙昊\Desktop\backup\backupwordservice\source2 目录备份结束
2024-05-17 20:35:28 Information 结束删除过期的备份文件夹

2024-05-17 20:35:30 Information 开始备份C:\Users\孙昊\Desktop\backup\backupwordservice\source2 目录
2024-05-17 20:35:30 Information C:\Users\孙昊\Desktop\backup\backupwordservice\source2 目录备份结束
2024-05-17 20:35:30 Information 开始删除过期的备份文件夹
2024-05-17 20:35:30 Information 结束删除过期的备份文件夹

